{"message":"server is running","level":"info"}
{"message":"server is running","level":"info"}
{"message":"server is running","level":"info"}
{"message":"server is running","level":"info"}
{"message":"server is running","level":"info"}
{"message":"server is running","level":"info","timestamp":"2020-05-18T17:37:22.404Z"}
{
  message: 'server is running',
  level: 'info',
  timestamp: '2020-05-18T17:38:54.496Z'
}
{"message":"server is running","level":"info","timestamp":"2020-05-18T17:39:25.027Z"}
{
  message: 'server is running',
  level: 'info',
  timestamp: '2020-05-18T17:39:45.472Z'
}
{
  message: 'server is running',
  level: 'info',
  timestamp: '2020-05-18T17:40:14.518Z'
}
{
  message: 'server is running',
  level: 'info',
  timestamp: '2020-05-18T17:42:31.137Z'
}
{
  message: 'server is running',
  level: 'info',
  timestamp: '2020-05-18T17:44:24.950Z'
}
{
  message: 'server is running',
  level: 'info',
  timestamp: '2020-05-18T17:45:31.733Z'
}
{
  message: 'server is running',
  level: 'info',
  timestamp: '2020-05-18T17:46:01.133Z'
}
{
  message: 'server is running',
  level: 'info',
  timestamp: '2020-05-18T17:46:41.814Z'
}
{
  message: 'server is running',
  level: 'info',
  timestamp: '2020-05-18T17:46:48.239Z'
}
{
  message: 'server is running',
  level: 'info',
  timestamp: '2020-05-18T17:47:13.440Z'
}
{
  message: 'server is running',
  level: 'info',
  timestamp: '2020-05-18T17:48:09.218Z'
}
{
  message: 'server is running',
  level: 'info',
  timestamp: '2020-05-18T17:49:15.450Z'
}
{
  message: 'server is running',
  level: 'info',
  timestamp: '2020-05-18T17:51:20.322Z'
}
{
  message: 'server is running',
  level: 'info',
  timestamp: '2020-05-18T17:51:53.982Z'
}
{
  message: 'server is running',
  level: 'info',
  timestamp: '2020-05-18T17:56:52.430Z'
}
{
  message: 'server is running',
  level: 'info',
  timestamp: '2020-05-18T18:01:33.421Z'
}
{
  message: 'server is running',
  level: 'info',
  timestamp: '2020-05-18T18:01:46.758Z'
}
{
  message: 'server is running',
  level: 'info',
  timestamp: '2020-05-18T18:01:56.311Z'
}
{
  message: 'server is running',
  level: 'info',
  timestamp: '2020-05-18T18:02:23.766Z'
}
{
  message: 'server is running',
  level: 'info',
  timestamp: '2020-05-18T18:02:55.576Z'
}
{
  message: 'server is running',
  level: 'info',
  timestamp: '2020-05-18T18:03:03.690Z'
}
{
  message: 'server is running',
  level: 'info',
  timestamp: '2020-05-18T18:03:23.636Z'
}
{
  message: 'server is running',
  level: 'info',
  timestamp: '2020-05-18T18:04:20.715Z'
}
{
  message: 'server is running',
  level: 'info',
  timestamp: '2020-05-18T18:04:37.143Z'
}
{
  message: 'server is running',
  level: 'info',
  timestamp: '2020-05-18T18:04:43.218Z'
}
{
  message: 'server is running',
  level: 'info',
  timestamp: '2020-05-18T18:05:32.685Z'
}
{
  message: 'server is running',
  level: 'info',
  timestamp: '2020-05-18T18:07:36.402Z'
}
{
  message: 'server is running',
  level: 'info',
  timestamp: '2020-05-18T18:08:34.224Z'
}
{
  message: 'server is running',
  level: 'info',
  timestamp: '2020-05-18T18:08:57.751Z'
}
{
  message: 'server is running',
  level: 'info',
  timestamp: '2020-05-18T18:10:13.778Z'
}
{
  message: 'server is running',
  level: 'info',
  timestamp: '2020-05-18T18:17:00.356Z'
}
{
  message: 'server is running',
  level: 'info',
  timestamp: '2020-05-18T18:17:38.864Z'
}
{
  message: 'server is running',
  level: 'info',
  timestamp: '2020-05-18T18:17:52.070Z'
}
{
  message: 'server is running',
  level: 'info',
  timestamp: '2020-05-18T18:18:23.809Z'
}
{
  message: 'server is running',
  level: 'info',
  timestamp: '2020-05-18T18:19:39.650Z'
}
{
  message: 'server is running',
  level: 'info',
  timestamp: '2020-05-18T18:19:51.280Z'
}
{
  message: 'server is running',
  level: 'info',
  timestamp: '2020-05-18T18:20:00.334Z'
}
{
  message: 'server is running',
  level: 'info',
  timestamp: '2020-05-18T18:20:09.666Z'
}
{
  message: 'server is running',
  level: 'info',
  timestamp: '2020-05-18T18:20:19.987Z'
}
{
  message: 'server is running',
  level: 'info',
  timestamp: '2020-05-18T18:30:18.268Z'
}
{
  message: 'server is running',
  level: 'info',
  timestamp: '2020-05-18T18:30:39.017Z'
}
